A continuación se detalla el camino:

	Enlazar el planeta Quara 0 con el planeta Uin 13 cuya distancia es : 10
		 Consiguiendo superar el juego: Bloques
	Enlazar el planeta Uin 13 con el planeta Wenna 24 cuya distancia es : 21
	Enlazar el planeta Wenna 24 con el planeta Mernaja 34 cuya distancia es : 6
		 Consiguiendo superar el juego: Rojo vs Azul
	Enlazar el planeta Mernaja 34 con el planeta Ilalgnaja 42 cuya distancia es : 3
	Enlazar el planeta Ilalgnaja 42 con el planeta Merine 56 cuya distancia es : 6
		 Consiguiendo superar el juego: Bloques
	Enlazar el planeta Merine 56 con el planeta Ilaptja 57 cuya distancia es : 25
	Enlazar el planeta Ilaptja 57 con el planeta Polen 71 cuya distancia es : 85
	Enlazar el planeta Polen 71 con el planeta Galinja 83 cuya distancia es : 47
	Enlazar el planeta Galinja 83 con el planeta Quarotnaja 97 cuya distancia es : 21
	Enlazar el planeta Quarotnaja 97 con el planeta Itan 99 cuya distancia es : 2
	Enlazar el planeta Itan 99 con el planeta Itan 110 cuya distancia es : 37
	Enlazar el planeta Itan 110 con el planeta Polonnor 115 cuya distancia es : 23
	Enlazar el planeta Polonnor 115 con el planeta Quarus 129 cuya distancia es : 47
	Enlazar el planeta Quarus 129 con el planeta Quarwennor 141 cuya distancia es : 18
	Enlazar el planeta Quarwennor 141 con el planeta Ordnor 149 cuya distancia es : 25
	Enlazar el planeta Ordnor 149 con el planeta Merinan 163 cuya distancia es : 68
	Enlazar el planeta Merinan 163 con el planeta Galatio 171 cuya distancia es : 14
	Enlazar el planeta Galatio 171 con el planeta Galtor 183 cuya distancia es : 15
	Enlazar el planeta Galtor 183 con el planeta Mertor 196 cuya distancia es : 27
		 Consiguiendo superar el juego: Bloques
	Enlazar el planeta Mertor 196 con el planeta Umzakh 201 cuya distancia es : 15
	Enlazar el planeta Umzakh 201 con el planeta Gnokozz 215 cuya distancia es : 14
	Enlazar el planeta Gnokozz 215 con el planeta Umgr 229 cuya distancia es : 10
		 Consiguiendo superar el juego: Mono
	Enlazar el planeta Umgr 229 con el planeta Asos 232 cuya distancia es : 16
	Enlazar el planeta Asos 232 con el planeta Zhusis 244 cuya distancia es : 33
	Enlazar el planeta Zhusis 244 con el planeta Hrukarng 246 cuya distancia es : 2
		 Consiguiendo superar el juego: Misi vs Cani


Informacion de costes:	pathCost: 590.0
	resultado: Si
	nodesExpanded: 199
	queueSize: 36
	maxQueueSize: 42
	tiempo: 3 segs.
